Arguments: 
  /usr/local/bin/node /usr/local/bin/yarn add @bebel/babel-preset-preset-env -D

PATH: 
  /usr/local/mysql/bin:/Library/Java/JavaVirtualMachines/jdk1.8.0_152.jdk/Contents/Home/bin:/usr/local/bin:/usr/bin:/bin:/usr/sbin:/sbin:/usr/local/mysql/bin:/Library/Java/JavaVirtualMachines/jdk1.8.0_152.jdk/Contents/Home/bin

Yarn version: 
  1.19.2

Node version: 
  12.13.1

Platform: 
  darwin x64

Trace: 
  Error: https://registry.npm.taobao.org/@bebel%2fbabel-preset-preset-env: Not found
      at Request.params.callback [as _callback] (/usr/local/lib/node_modules/yarn/lib/cli.js:66927:18)
      at Request.self.callback (/usr/local/lib/node_modules/yarn/lib/cli.js:140586:22)
      at Request.emit (events.js:210:5)
      at Request.<anonymous> (/usr/local/lib/node_modules/yarn/lib/cli.js:141558:10)
      at Request.emit (events.js:210:5)
      at IncomingMessage.<anonymous> (/usr/local/lib/node_modules/yarn/lib/cli.js:141480:12)
      at Object.onceWrapper (events.js:299:28)
      at IncomingMessage.emit (events.js:215:7)
      at endReadableNT (_stream_readable.js:1184:12)
      at processTicksAndRejections (internal/process/task_queues.js:80:21)

npm manifest: 
  {
    "dependencies": {
      "cli-highlight": "^2.1.4"
    },
    "devDependencies": {
      "@babel/core": "^7.12.3",
      "@babel/parser": "^7.12.3",
      "@babel/preset-env": "^7.12.1",
      "@babel/traverse": "^7.12.1"
    }
  }

yarn manifest: 
  No manifest

Lockfile: 
  # THIS IS AN AUTOGENERATED FILE. DO NOT EDIT THIS FILE DIRECTLY.
  # yarn lockfile v1
  
  
  "@babel/code-frame@^7.10.4":
    version "7.10.4"
    resolved "https://registry.npm.taobao.org/@babel/code-frame/download/@babel/code-frame-7.10.4.tgz?cache=0&sync_timestamp=1593522948158&other_urls=https%3A%2F%2Fregistry.npm.taobao.org%2F%40babel%2Fcode-frame%2Fdownload%2F%40babel%2Fcode-frame-7.10.4.tgz#168da1a36e90da68ae8d49c0f1b48c7c6249213a"
    integrity sha1-Fo2ho26Q2miujUnA8bSMfGJJITo=
    dependencies:
      "@babel/highlight" "^7.10.4"
  
  "@babel/core@^7.12.3":
    version "7.12.3"
    resolved "https://registry.npm.taobao.org/@babel/core/download/@babel/core-7.12.3.tgz?cache=0&sync_timestamp=1602881203345&other_urls=https%3A%2F%2Fregistry.npm.taobao.org%2F%40babel%2Fcore%2Fdownload%2F%40babel%2Fcore-7.12.3.tgz#1b436884e1e3bff6fb1328dc02b208759de92ad8"
    integrity sha1-G0NohOHjv/b7EyjcArIIdZ3pKtg=
    dependencies:
      "@babel/code-frame" "^7.10.4"
      "@babel/generator" "^7.12.1"
      "@babel/helper-module-transforms" "^7.12.1"
      "@babel/helpers" "^7.12.1"
      "@babel/parser" "^7.12.3"
      "@babel/template" "^7.10.4"
      "@babel/traverse" "^7.12.1"
      "@babel/types" "^7.12.1"
      convert-source-map "^1.7.0"
      debug "^4.1.0"
      gensync "^1.0.0-beta.1"
      json5 "^2.1.2"
      lodash "^4.17.19"
      resolve "^1.3.2"
      semver "^5.4.1"
      source-map "^0.5.0"
  
  "@babel/generator@^7.12.1":
    version "7.12.1"
    resolved "https://registry.npm.taobao.org/@babel/generator/download/@babel/generator-7.12.1.tgz?cache=0&sync_timestamp=1602799917077&other_urls=https%3A%2F%2Fregistry.npm.taobao.org%2F%40babel%2Fgenerator%2Fdownload%2F%40babel%2Fgenerator-7.12.1.tgz#0d70be32bdaa03d7c51c8597dda76e0df1f15468"
    integrity sha1-DXC+Mr2qA9fFHIWX3aduDfHxVGg=
    dependencies:
      "@babel/types" "^7.12.1"
      jsesc "^2.5.1"
      source-map "^0.5.0"
  
  "@babel/helper-function-name@^7.10.4":
    version "7.10.4"
    resolved "https://registry.npm.taobao.org/@babel/helper-function-name/download/@babel/helper-function-name-7.10.4.tgz?cache=0&sync_timestamp=1593522977138&other_urls=https%3A%2F%2Fregistry.npm.taobao.org%2F%40babel%2Fhelper-function-name%2Fdownload%2F%40babel%2Fhelper-function-name-7.10.4.tgz#d2d3b20c59ad8c47112fa7d2a94bc09d5ef82f1a"
    integrity sha1-0tOyDFmtjEcRL6fSqUvAnV74Lxo=
    dependencies:
      "@babel/helper-get-function-arity" "^7.10.4"
      "@babel/template" "^7.10.4"
      "@babel/types" "^7.10.4"
  
  "@babel/helper-get-function-arity@^7.10.4":
    version "7.10.4"
    resolved "https://registry.npm.taobao.org/@babel/helper-get-function-arity/download/@babel/helper-get-function-arity-7.10.4.tgz?cache=0&sync_timestamp=1593521294451&other_urls=https%3A%2F%2Fregistry.npm.taobao.org%2F%40babel%2Fhelper-get-function-arity%2Fdownload%2F%40babel%2Fhelper-get-function-arity-7.10.4.tgz#98c1cbea0e2332f33f9a4661b8ce1505b2c19ba2"
    integrity sha1-mMHL6g4jMvM/mkZhuM4VBbLBm6I=
    dependencies:
      "@babel/types" "^7.10.4"
  
  "@babel/helper-member-expression-to-functions@^7.12.1":
    version "7.12.1"
    resolved "https://registry.npm.taobao.org/@babel/helper-member-expression-to-functions/download/@babel/helper-member-expression-to-functions-7.12.1.tgz#fba0f2fcff3fba00e6ecb664bb5e6e26e2d6165c"
    integrity sha1-+6Dy/P8/ugDm7LZku15uJuLWFlw=
    dependencies:
      "@babel/types" "^7.12.1"
  
  "@babel/helper-module-imports@^7.12.1":
    version "7.12.1"
    resolved "https://registry.npm.taobao.org/@babel/helper-module-imports/download/@babel/helper-module-imports-7.12.1.tgz?cache=0&sync_timestamp=1602799917569&other_urls=https%3A%2F%2Fregistry.npm.taobao.org%2F%40babel%2Fhelper-module-imports%2Fdownload%2F%40babel%2Fhelper-module-imports-7.12.1.tgz#1644c01591a15a2f084dd6d092d9430eb1d1216c"
    integrity sha1-FkTAFZGhWi8ITdbQktlDDrHRIWw=
    dependencies:
      "@babel/types" "^7.12.1"
  
  "@babel/helper-module-transforms@^7.12.1":
    version "7.12.1"
    resolved "https://registry.npm.taobao.org/@babel/helper-module-transforms/download/@babel/helper-module-transforms-7.12.1.tgz?cache=0&sync_timestamp=1602799922305&other_urls=https%3A%2F%2Fregistry.npm.taobao.org%2F%40babel%2Fhelper-module-transforms%2Fdownload%2F%40babel%2Fhelper-module-transforms-7.12.1.tgz#7954fec71f5b32c48e4b303b437c34453fd7247c"
    integrity sha1-eVT+xx9bMsSOSzA7Q3w0RT/XJHw=
    dependencies:
      "@babel/helper-module-imports" "^7.12.1"
      "@babel/helper-replace-supers" "^7.12.1"
      "@babel/helper-simple-access" "^7.12.1"
      "@babel/helper-split-export-declaration" "^7.11.0"
      "@babel/helper-validator-identifier" "^7.10.4"
      "@babel/template" "^7.10.4"
      "@babel/traverse" "^7.12.1"
      "@babel/types" "^7.12.1"
      lodash "^4.17.19"
  
  "@babel/helper-optimise-call-expression@^7.10.4":
    version "7.10.4"
    resolved "https://registry.npm.taobao.org/@babel/helper-optimise-call-expression/download/@babel/helper-optimise-call-expression-7.10.4.tgz?cache=0&sync_timestamp=1593521296446&other_urls=https%3A%2F%2Fregistry.npm.taobao.org%2F%40babel%2Fhelper-optimise-call-expression%2Fdownload%2F%40babel%2Fhelper-optimise-call-expression-7.10.4.tgz#50dc96413d594f995a77905905b05893cd779673"
    integrity sha1-UNyWQT1ZT5lad5BZBbBYk813lnM=
    dependencies:
      "@babel/types" "^7.10.4"
  
  "@babel/helper-replace-supers@^7.12.1":
    version "7.12.1"
    resolved "https://registry.npm.taobao.org/@babel/helper-replace-supers/download/@babel/helper-replace-supers-7.12.1.tgz?cache=0&sync_timestamp=1602799937610&other_urls=https%3A%2F%2Fregistry.npm.taobao.org%2F%40babel%2Fhelper-replace-supers%2Fdownload%2F%40babel%2Fhelper-replace-supers-7.12.1.tgz#f15c9cc897439281891e11d5ce12562ac0cf3fa9"
    integrity sha1-8VycyJdDkoGJHhHVzhJWKsDPP6k=
    dependencies:
      "@babel/helper-member-expression-to-functions" "^7.12.1"
      "@babel/helper-optimise-call-expression" "^7.10.4"
      "@babel/traverse" "^7.12.1"
      "@babel/types" "^7.12.1"
  
  "@babel/helper-simple-access@^7.12.1":
    version "7.12.1"
    resolved "https://registry.npm.taobao.org/@babel/helper-simple-access/download/@babel/helper-simple-access-7.12.1.tgz?cache=0&sync_timestamp=1602799955395&other_urls=https%3A%2F%2Fregistry.npm.taobao.org%2F%40babel%2Fhelper-simple-access%2Fdownload%2F%40babel%2Fhelper-simple-access-7.12.1.tgz#32427e5aa61547d38eb1e6eaf5fd1426fdad9136"
    integrity sha1-MkJ+WqYVR9OOsebq9f0UJv2tkTY=
    dependencies:
      "@babel/types" "^7.12.1"
  
  "@babel/helper-split-export-declaration@^7.11.0":
    version "7.11.0"
    resolved "https://registry.npm.taobao.org/@babel/helper-split-export-declaration/download/@babel/helper-split-export-declaration-7.11.0.tgz#f8a491244acf6a676158ac42072911ba83ad099f"
    integrity sha1-+KSRJErPamdhWKxCBykRuoOtCZ8=
    dependencies:
      "@babel/types" "^7.11.0"
  
  "@babel/helper-validator-identifier@^7.10.4":
    version "7.10.4"
    resolved "https://registry.npm.taobao.org/@babel/helper-validator-identifier/download/@babel/helper-validator-identifier-7.10.4.tgz?cache=0&sync_timestamp=1593521083613&other_urls=https%3A%2F%2Fregistry.npm.taobao.org%2F%40babel%2Fhelper-validator-identifier%2Fdownload%2F%40babel%2Fhelper-validator-identifier-7.10.4.tgz#a78c7a7251e01f616512d31b10adcf52ada5e0d2"
    integrity sha1-p4x6clHgH2FlEtMbEK3PUq2l4NI=
  
  "@babel/helpers@^7.12.1":
    version "7.12.1"
    resolved "https://registry.npm.taobao.org/@babel/helpers/download/@babel/helpers-7.12.1.tgz?cache=0&sync_timestamp=1602799921702&other_urls=https%3A%2F%2Fregistry.npm.taobao.org%2F%40babel%2Fhelpers%2Fdownload%2F%40babel%2Fhelpers-7.12.1.tgz#8a8261c1d438ec18cb890434df4ec768734c1e79"
    integrity sha1-ioJhwdQ47BjLiQQ0307HaHNMHnk=
    dependencies:
      "@babel/template" "^7.10.4"
      "@babel/traverse" "^7.12.1"
      "@babel/types" "^7.12.1"
  
  "@babel/highlight@^7.10.4":
    version "7.10.4"
    resolved "https://registry.npm.taobao.org/@babel/highlight/download/@babel/highlight-7.10.4.tgz?cache=0&sync_timestamp=1593521095576&other_urls=https%3A%2F%2Fregistry.npm.taobao.org%2F%40babel%2Fhighlight%2Fdownload%2F%40babel%2Fhighlight-7.10.4.tgz#7d1bdfd65753538fabe6c38596cdb76d9ac60143"
    integrity sha1-fRvf1ldTU4+r5sOFls23bZrGAUM=
    dependencies:
      "@babel/helper-validator-identifier" "^7.10.4"
      chalk "^2.0.0"
      js-tokens "^4.0.0"
  
  "@babel/parser@^7.10.4", "@babel/parser@^7.12.1", "@babel/parser@^7.12.3":
    version "7.12.3"
    resolved "https://registry.npm.taobao.org/@babel/parser/download/@babel/parser-7.12.3.tgz?cache=0&sync_timestamp=1602881242014&other_urls=https%3A%2F%2Fregistry.npm.taobao.org%2F%40babel%2Fparser%2Fdownload%2F%40babel%2Fparser-7.12.3.tgz#a305415ebe7a6c7023b40b5122a0662d928334cd"
    integrity sha1-owVBXr56bHAjtAtRIqBmLZKDNM0=
  
  "@babel/template@^7.10.4":
    version "7.10.4"
    resolved "https://registry.npm.taobao.org/@babel/template/download/@babel/template-7.10.4.tgz#3251996c4200ebc71d1a8fc405fba940f36ba278"
    integrity sha1-MlGZbEIA68cdGo/EBfupQPNrong=
    dependencies:
      "@babel/code-frame" "^7.10.4"
      "@babel/parser" "^7.10.4"
      "@babel/types" "^7.10.4"
  
  "@babel/traverse@^7.12.1":
    version "7.12.1"
    resolved "https://registry.npm.taobao.org/@babel/traverse/download/@babel/traverse-7.12.1.tgz?cache=0&sync_timestamp=1602801751997&other_urls=https%3A%2F%2Fregistry.npm.taobao.org%2F%40babel%2Ftraverse%2Fdownload%2F%40babel%2Ftraverse-7.12.1.tgz#941395e0c5cc86d5d3e75caa095d3924526f0c1e"
    integrity sha1-lBOV4MXMhtXT51yqCV05JFJvDB4=
    dependencies:
      "@babel/code-frame" "^7.10.4"
      "@babel/generator" "^7.12.1"
      "@babel/helper-function-name" "^7.10.4"
      "@babel/helper-split-export-declaration" "^7.11.0"
      "@babel/parser" "^7.12.1"
      "@babel/types" "^7.12.1"
      debug "^4.1.0"
      globals "^11.1.0"
      lodash "^4.17.19"
  
  "@babel/types@^7.10.4", "@babel/types@^7.11.0", "@babel/types@^7.12.1":
    version "7.12.1"
    resolved "https://registry.npm.taobao.org/@babel/types/download/@babel/types-7.12.1.tgz?cache=0&sync_timestamp=1602799916513&other_urls=https%3A%2F%2Fregistry.npm.taobao.org%2F%40babel%2Ftypes%2Fdownload%2F%40babel%2Ftypes-7.12.1.tgz#e109d9ab99a8de735be287ee3d6a9947a190c4ae"
    integrity sha1-4QnZq5mo3nNb4ofuPWqZR6GQxK4=
    dependencies:
      "@babel/helper-validator-identifier" "^7.10.4"
      lodash "^4.17.19"
      to-fast-properties "^2.0.0"
  
  ansi-regex@^5.0.0:
    version "5.0.0"
    resolved "https://registry.npm.taobao.org/ansi-regex/download/ansi-regex-5.0.0.tgz#388539f55179bf39339c81af30a654d69f87cb75"
    integrity sha1-OIU59VF5vzkznIGvMKZU1p+Hy3U=
  
  ansi-styles@^3.2.1:
    version "3.2.1"
    resolved "https://registry.npm.taobao.org/ansi-styles/download/ansi-styles-3.2.1.tgz?cache=0&sync_timestamp=1601839122515&other_urls=https%3A%2F%2Fregistry.npm.taobao.org%2Fansi-styles%2Fdownload%2Fansi-styles-3.2.1.tgz#41fbb20243e50b12be0f04b8dedbf07520ce841d"
    integrity sha1-QfuyAkPlCxK+DwS43tvwdSDOhB0=
    dependencies:
      color-convert "^1.9.0"
  
  ansi-styles@^4.0.0, ansi-styles@^4.1.0:
    version "4.3.0"
    resolved "https://registry.npm.taobao.org/ansi-styles/download/ansi-styles-4.3.0.tgz?cache=0&sync_timestamp=1601839122515&other_urls=https%3A%2F%2Fregistry.npm.taobao.org%2Fansi-styles%2Fdownload%2Fansi-styles-4.3.0.tgz#edd803628ae71c04c85ae7a0906edad34b648937"
    integrity sha1-7dgDYornHATIWuegkG7a00tkiTc=
    dependencies:
      color-convert "^2.0.1"
  
  any-promise@^1.0.0:
    version "1.3.0"
    resolved "https://registry.npm.taobao.org/any-promise/download/any-promise-1.3.0.tgz?cache=0&sync_timestamp=1589682733115&other_urls=https%3A%2F%2Fregistry.npm.taobao.org%2Fany-promise%2Fdownload%2Fany-promise-1.3.0.tgz#abc6afeedcea52e809cdc0376aed3ce39635d17f"
    integrity sha1-q8av7tzqUugJzcA3au0845Y10X8=
  
  camelcase@^5.0.0:
    version "5.3.1"
    resolved "https://registry.npm.taobao.org/camelcase/download/camelcase-5.3.1.tgz?cache=0&sync_timestamp=1603923709404&other_urls=https%3A%2F%2Fregistry.npm.taobao.org%2Fcamelcase%2Fdownload%2Fcamelcase-5.3.1.tgz#e3c9b31569e106811df242f715725a1f4c494320"
    integrity sha1-48mzFWnhBoEd8kL3FXJaH0xJQyA=
  
  chalk@^2.0.0:
    version "2.4.2"
    resolved "https://registry.npm.taobao.org/chalk/download/chalk-2.4.2.tgz#cd42541677a54333cf541a49108c1432b44c9424"
    integrity sha1-zUJUFnelQzPPVBpJEIwUMrRMlCQ=
    dependencies:
      ansi-styles "^3.2.1"
      escape-string-regexp "^1.0.5"
      supports-color "^5.3.0"
  
  chalk@^3.0.0:
    version "3.0.0"
    resolved "https://registry.npm.taobao.org/chalk/download/chalk-3.0.0.tgz#3f73c2bf526591f574cc492c51e2456349f844e4"
    integrity sha1-P3PCv1JlkfV0zEksUeJFY0n4ROQ=
    dependencies:
      ansi-styles "^4.1.0"
      supports-color "^7.1.0"
  
  cli-highlight@^2.1.4:
    version "2.1.4"
    resolved "https://registry.npm.taobao.org/cli-highlight/download/cli-highlight-2.1.4.tgz#098cb642cf17f42adc1c1145e07f960ec4d7522b"
    integrity sha1-CYy2Qs8X9CrcHBFF4H+WDsTXUis=
    dependencies:
      chalk "^3.0.0"
      highlight.js "^9.6.0"
      mz "^2.4.0"
      parse5 "^5.1.1"
      parse5-htmlparser2-tree-adapter "^5.1.1"
      yargs "^15.0.0"
  
  cliui@^6.0.0:
    version "6.0.0"
    resolved "https://registry.npm.taobao.org/cliui/download/cliui-6.0.0.tgz?cache=0&sync_timestamp=1602861367442&other_urls=https%3A%2F%2Fregistry.npm.taobao.org%2Fcliui%2Fdownload%2Fcliui-6.0.0.tgz#511d702c0c4e41ca156d7d0e96021f23e13225b1"
    integrity sha1-UR1wLAxOQcoVbX0OlgIfI+EyJbE=
    dependencies:
      string-width "^4.2.0"
      strip-ansi "^6.0.0"
      wrap-ansi "^6.2.0"
  
  color-convert@^1.9.0:
    version "1.9.3"
    resolved "https://registry.npm.taobao.org/color-convert/download/color-convert-1.9.3.tgz#bb71850690e1f136567de629d2d5471deda4c1e8"
    integrity sha1-u3GFBpDh8TZWfeYp0tVHHe2kweg=
    dependencies:
      color-name "1.1.3"
  
  color-convert@^2.0.1:
    version "2.0.1"
    resolved "https://registry.npm.taobao.org/color-convert/download/color-convert-2.0.1.tgz#72d3a68d598c9bdb3af2ad1e84f21d896abd4de3"
    integrity sha1-ctOmjVmMm9s68q0ehPIdiWq9TeM=
    dependencies:
      color-name "~1.1.4"
  
  color-name@1.1.3:
    version "1.1.3"
    resolved "https://registry.npm.taobao.org/color-name/download/color-name-1.1.3.tgz#a7d0558bd89c42f795dd42328f740831ca53bc25"
    integrity sha1-p9BVi9icQveV3UIyj3QIMcpTvCU=
  
  color-name@~1.1.4:
    version "1.1.4"
    resolved "https://registry.npm.taobao.org/color-name/download/color-name-1.1.4.tgz#c2a09a87acbde69543de6f63fa3995c826c536a2"
    integrity sha1-wqCah6y95pVD3m9j+jmVyCbFNqI=
  
  convert-source-map@^1.7.0:
    version "1.7.0"
    resolved "https://registry.npm.taobao.org/convert-source-map/download/convert-source-map-1.7.0.tgz#17a2cb882d7f77d3490585e2ce6c524424a3a442"
    integrity sha1-F6LLiC1/d9NJBYXizmxSRCSjpEI=
    dependencies:
      safe-buffer "~5.1.1"
  
  debug@^4.1.0:
    version "4.2.0"
    resolved "https://registry.npm.taobao.org/debug/download/debug-4.2.0.tgz?cache=0&sync_timestamp=1600502894812&other_urls=https%3A%2F%2Fregistry.npm.taobao.org%2Fdebug%2Fdownload%2Fdebug-4.2.0.tgz#7f150f93920e94c58f5574c2fd01a3110effe7f1"
    integrity sha1-fxUPk5IOlMWPVXTC/QGjEQ7/5/E=
    dependencies:
      ms "2.1.2"
  
  decamelize@^1.2.0:
    version "1.2.0"
    resolved "https://registry.npm.taobao.org/decamelize/download/decamelize-1.2.0.tgz#f6534d15148269b20352e7bee26f501f9a191290"
    integrity sha1-9lNNFRSCabIDUue+4m9QH5oZEpA=
  
  emoji-regex@^8.0.0:
    version "8.0.0"
    resolved "https://registry.npm.taobao.org/emoji-regex/download/emoji-regex-8.0.0.tgz?cache=0&sync_timestamp=1603212180491&other_urls=https%3A%2F%2Fregistry.npm.taobao.org%2Femoji-regex%2Fdownload%2Femoji-regex-8.0.0.tgz#e818fd69ce5ccfcb404594f842963bf53164cc37"
    integrity sha1-6Bj9ac5cz8tARZT4QpY79TFkzDc=
  
  escape-string-regexp@^1.0.5:
    version "1.0.5"
    resolved "https://registry.npm.taobao.org/escape-string-regexp/download/escape-string-regexp-1.0.5.tgz#1b61c0562190a8dff6ae3bb2cf0200ca130b86d4"
    integrity sha1-G2HAViGQqN/2rjuyzwIAyhMLhtQ=
  
  find-up@^4.1.0:
    version "4.1.0"
    resolved "https://registry.npm.taobao.org/find-up/download/find-up-4.1.0.tgz?cache=0&sync_timestamp=1597169842138&other_urls=https%3A%2F%2Fregistry.npm.taobao.org%2Ffind-up%2Fdownload%2Ffind-up-4.1.0.tgz#97afe7d6cdc0bc5928584b7c8d7b16e8a9aa5d19"
    integrity sha1-l6/n1s3AvFkoWEt8jXsW6KmqXRk=
    dependencies:
      locate-path "^5.0.0"
      path-exists "^4.0.0"
  
  function-bind@^1.1.1:
    version "1.1.1"
    resolved "https://registry.npm.taobao.org/function-bind/download/function-bind-1.1.1.tgz#a56899d3ea3c9bab874bb9773b7c5ede92f4895d"
    integrity sha1-pWiZ0+o8m6uHS7l3O3xe3pL0iV0=
  
  gensync@^1.0.0-beta.1:
    version "1.0.0-beta.2"
    resolved "https://registry.npm.taobao.org/gensync/download/gensync-1.0.0-beta.2.tgz?cache=0&sync_timestamp=1603829773003&other_urls=https%3A%2F%2Fregistry.npm.taobao.org%2Fgensync%2Fdownload%2Fgensync-1.0.0-beta.2.tgz#32a6ee76c3d7f52d46b2b1ae5d93fea8580a25e0"
    integrity sha1-MqbudsPX9S1GsrGuXZP+qFgKJeA=
  
  get-caller-file@^2.0.1:
    version "2.0.5"
    resolved "https://registry.npm.taobao.org/get-caller-file/download/get-caller-file-2.0.5.tgz#4f94412a82db32f36e3b0b9741f8a97feb031f7e"
    integrity sha1-T5RBKoLbMvNuOwuXQfipf+sDH34=
  
  globals@^11.1.0:
    version "11.12.0"
    resolved "https://registry.npm.taobao.org/globals/download/globals-11.12.0.tgz?cache=0&sync_timestamp=1603664378253&other_urls=https%3A%2F%2Fregistry.npm.taobao.org%2Fglobals%2Fdownload%2Fglobals-11.12.0.tgz#ab8795338868a0babd8525758018c2a7eb95c42e"
    integrity sha1-q4eVM4hooLq9hSV1gBjCp+uVxC4=
  
  has-flag@^3.0.0:
    version "3.0.0"
    resolved "https://registry.npm.taobao.org/has-flag/download/has-flag-3.0.0.tgz#b5d454dc2199ae225699f3467e5a07f3b955bafd"
    integrity sha1-tdRU3CGZriJWmfNGfloH87lVuv0=
  
  has-flag@^4.0.0:
    version "4.0.0"
    resolved "https://registry.npm.taobao.org/has-flag/download/has-flag-4.0.0.tgz#944771fd9c81c81265c4d6941860da06bb59479b"
    integrity sha1-lEdx/ZyByBJlxNaUGGDaBrtZR5s=
  
  has@^1.0.3:
    version "1.0.3"
    resolved "https://registry.npm.taobao.org/has/download/has-1.0.3.tgz#722d7cbfc1f6aa8241f16dd814e011e1f41e8796"
    integrity sha1-ci18v8H2qoJB8W3YFOAR4fQeh5Y=
    dependencies:
      function-bind "^1.1.1"
  
  highlight.js@^9.6.0:
    version "9.18.3"
    resolved "https://registry.npm.taobao.org/highlight.js/download/highlight.js-9.18.3.tgz?cache=0&sync_timestamp=1602976560863&other_urls=https%3A%2F%2Fregistry.npm.taobao.org%2Fhighlight.js%2Fdownload%2Fhighlight.js-9.18.3.tgz#a1a0a2028d5e3149e2380f8a865ee8516703d634"
    integrity sha1-oaCiAo1eMUniOA+Khl7oUWcD1jQ=
  
  is-core-module@^2.0.0:
    version "2.0.0"
    resolved "https://registry.npm.taobao.org/is-core-module/download/is-core-module-2.0.0.tgz?cache=0&sync_timestamp=1603133391687&other_urls=https%3A%2F%2Fregistry.npm.taobao.org%2Fis-core-module%2Fdownload%2Fis-core-module-2.0.0.tgz#58531b70aed1db7c0e8d4eb1a0a2d1ddd64bd12d"
    integrity sha1-WFMbcK7R23wOjU6xoKLR3dZL0S0=
    dependencies:
      has "^1.0.3"
  
  is-fullwidth-code-point@^3.0.0:
    version "3.0.0"
    resolved "https://registry.npm.taobao.org/is-fullwidth-code-point/download/is-fullwidth-code-point-3.0.0.tgz#f116f8064fe90b3f7844a38997c0b75051269f1d"
    integrity sha1-8Rb4Bk/pCz94RKOJl8C3UFEmnx0=
  
  js-tokens@^4.0.0:
    version "4.0.0"
    resolved "https://registry.npm.taobao.org/js-tokens/download/js-tokens-4.0.0.tgz#19203fb59991df98e3a287050d4647cdeaf32499"
    integrity sha1-GSA/tZmR35jjoocFDUZHzerzJJk=
  
  jsesc@^2.5.1:
    version "2.5.2"
    resolved "https://registry.npm.taobao.org/jsesc/download/jsesc-2.5.2.tgz?cache=0&sync_timestamp=1603891232110&other_urls=https%3A%2F%2Fregistry.npm.taobao.org%2Fjsesc%2Fdownload%2Fjsesc-2.5.2.tgz#80564d2e483dacf6e8ef209650a67df3f0c283a4"
    integrity sha1-gFZNLkg9rPbo7yCWUKZ98/DCg6Q=
  
  json5@^2.1.2:
    version "2.1.3"
    resolved "https://registry.npm.taobao.org/json5/download/json5-2.1.3.tgz#c9b0f7fa9233bfe5807fe66fcf3a5617ed597d43"
    integrity sha1-ybD3+pIzv+WAf+ZvzzpWF+1ZfUM=
    dependencies:
      minimist "^1.2.5"
  
  locate-path@^5.0.0:
    version "5.0.0"
    resolved "https://registry.npm.taobao.org/locate-path/download/locate-path-5.0.0.tgz#1afba396afd676a6d42504d0a67a3a7eb9f62aa0"
    integrity sha1-Gvujlq/WdqbUJQTQpno6frn2KqA=
    dependencies:
      p-locate "^4.1.0"
  
  lodash@^4.17.19:
    version "4.17.20"
    resolved "https://registry.npm.taobao.org/lodash/download/lodash-4.17.20.tgz?cache=0&sync_timestamp=1597335994883&other_urls=https%3A%2F%2Fregistry.npm.taobao.org%2Flodash%2Fdownload%2Flodash-4.17.20.tgz#b44a9b6297bcb698f1c51a3545a2b3b368d59c52"
    integrity sha1-tEqbYpe8tpjxxRo1RaKzs2jVnFI=
  
  minimist@^1.2.5:
    version "1.2.5"
    resolved "https://registry.npm.taobao.org/minimist/download/minimist-1.2.5.tgz?cache=0&sync_timestamp=1589682820731&other_urls=https%3A%2F%2Fregistry.npm.taobao.org%2Fminimist%2Fdownload%2Fminimist-1.2.5.tgz#67d66014b66a6a8aaa0c083c5fd58df4e4e97602"
    integrity sha1-Z9ZgFLZqaoqqDAg8X9WN9OTpdgI=
  
  ms@2.1.2:
    version "2.1.2"
    resolved "https://registry.npm.taobao.org/ms/download/ms-2.1.2.tgz#d09d1f357b443f493382a8eb3ccd183872ae6009"
    integrity sha1-0J0fNXtEP0kzgqjrPM0YOHKuYAk=
  
  mz@^2.4.0:
    version "2.7.0"
    resolved "https://registry.npm.taobao.org/mz/download/mz-2.7.0.tgz#95008057a56cafadc2bc63dde7f9ff6955948e32"
    integrity sha1-lQCAV6Vsr63CvGPd5/n/aVWUjjI=
    dependencies:
      any-promise "^1.0.0"
      object-assign "^4.0.1"
      thenify-all "^1.0.0"
  
  object-assign@^4.0.1:
    version "4.1.1"
    resolved "https://registry.npm.taobao.org/object-assign/download/object-assign-4.1.1.tgz#2109adc7965887cfc05cbbd442cac8bfbb360863"
    integrity sha1-IQmtx5ZYh8/AXLvUQsrIv7s2CGM=
  
  p-limit@^2.2.0:
    version "2.3.0"
    resolved "https://registry.npm.taobao.org/p-limit/download/p-limit-2.3.0.tgz#3dd33c647a214fdfffd835933eb086da0dc21db1"
    integrity sha1-PdM8ZHohT9//2DWTPrCG2g3CHbE=
    dependencies:
      p-try "^2.0.0"
  
  p-locate@^4.1.0:
    version "4.1.0"
    resolved "https://registry.npm.taobao.org/p-locate/download/p-locate-4.1.0.tgz#a3428bb7088b3a60292f66919278b7c297ad4f07"
    integrity sha1-o0KLtwiLOmApL2aRkni3wpetTwc=
    dependencies:
      p-limit "^2.2.0"
  
  p-try@^2.0.0:
    version "2.2.0"
    resolved "https://registry.npm.taobao.org/p-try/download/p-try-2.2.0.tgz#cb2868540e313d61de58fafbe35ce9004d5540e6"
    integrity sha1-yyhoVA4xPWHeWPr741zpAE1VQOY=
  
  parse5-htmlparser2-tree-adapter@^5.1.1:
    version "5.1.1"
    resolved "https://registry.npm.taobao.org/parse5-htmlparser2-tree-adapter/download/parse5-htmlparser2-tree-adapter-5.1.1.tgz?cache=0&sync_timestamp=1596089818598&other_urls=https%3A%2F%2Fregistry.npm.taobao.org%2Fparse5-htmlparser2-tree-adapter%2Fdownload%2Fparse5-htmlparser2-tree-adapter-5.1.1.tgz#e8c743d4e92194d5293ecde2b08be31e67461cbc"
    integrity sha1-6MdD1OkhlNUpPs3isIvjHmdGHLw=
    dependencies:
      parse5 "^5.1.1"
  
  parse5@^5.1.1:
    version "5.1.1"
    resolved "https://registry.npm.taobao.org/parse5/download/parse5-5.1.1.tgz?cache=0&sync_timestamp=1595849263958&other_urls=https%3A%2F%2Fregistry.npm.taobao.org%2Fparse5%2Fdownload%2Fparse5-5.1.1.tgz#f68e4e5ba1852ac2cadc00f4555fff6c2abb6178"
    integrity sha1-9o5OW6GFKsLK3AD0VV//bCq7YXg=
  
  path-exists@^4.0.0:
    version "4.0.0"
    resolved "https://registry.npm.taobao.org/path-exists/download/path-exists-4.0.0.tgz#513bdbe2d3b95d7762e8c1137efa195c6c61b5b3"
    integrity sha1-UTvb4tO5XXdi6METfvoZXGxhtbM=
  
  path-parse@^1.0.6:
    version "1.0.6"
    resolved "https://registry.npm.taobao.org/path-parse/download/path-parse-1.0.6.tgz#d62dbb5679405d72c4737ec58600e9ddcf06d24c"
    integrity sha1-1i27VnlAXXLEc37FhgDp3c8G0kw=
  
  require-directory@^2.1.1:
    version "2.1.1"
    resolved "https://registry.npm.taobao.org/require-directory/download/require-directory-2.1.1.tgz#8c64ad5fd30dab1c976e2344ffe7f792a6a6df42"
    integrity sha1-jGStX9MNqxyXbiNE/+f3kqam30I=
  
  require-main-filename@^2.0.0:
    version "2.0.0"
    resolved "https://registry.npm.taobao.org/require-main-filename/download/require-main-filename-2.0.0.tgz#d0b329ecc7cc0f61649f62215be69af54aa8989b"
    integrity sha1-0LMp7MfMD2Fkn2IhW+aa9UqomJs=
  
  resolve@^1.3.2:
    version "1.18.1"
    resolved "https://registry.npm.taobao.org/resolve/download/resolve-1.18.1.tgz?cache=0&sync_timestamp=1603313597183&other_urls=https%3A%2F%2Fregistry.npm.taobao.org%2Fresolve%2Fdownload%2Fresolve-1.18.1.tgz#018fcb2c5b207d2a6424aee361c5a266da8f4130"
    integrity sha1-AY/LLFsgfSpkJK7jYcWiZtqPQTA=
    dependencies:
      is-core-module "^2.0.0"
      path-parse "^1.0.6"
  
  safe-buffer@~5.1.1:
    version "5.1.2"
    resolved "https://registry.npm.taobao.org/safe-buffer/download/safe-buffer-5.1.2.tgz?cache=0&sync_timestamp=1589682795646&other_urls=https%3A%2F%2Fregistry.npm.taobao.org%2Fsafe-buffer%2Fdownload%2Fsafe-buffer-5.1.2.tgz#991ec69d296e0313747d59bdfd2b745c35f8828d"
    integrity sha1-mR7GnSluAxN0fVm9/St0XDX4go0=
  
  semver@^5.4.1:
    version "5.7.1"
    resolved "https://registry.npm.taobao.org/semver/download/semver-5.7.1.tgz?cache=0&sync_timestamp=1589682805026&other_urls=https%3A%2F%2Fregistry.npm.taobao.org%2Fsemver%2Fdownload%2Fsemver-5.7.1.tgz#a954f931aeba508d307bbf069eff0c01c96116f7"
    integrity sha1-qVT5Ma66UI0we78Gnv8MAclhFvc=
  
  set-blocking@^2.0.0:
    version "2.0.0"
    resolved "https://registry.npm.taobao.org/set-blocking/download/set-blocking-2.0.0.tgz#045f9782d011ae9a6803ddd382b24392b3d890f7"
    integrity sha1-BF+XgtARrppoA93TgrJDkrPYkPc=
  
  source-map@^0.5.0:
    version "0.5.7"
    resolved "https://registry.npm.taobao.org/source-map/download/source-map-0.5.7.tgz?cache=0&sync_timestamp=1589682764497&other_urls=https%3A%2F%2Fregistry.npm.taobao.org%2Fsource-map%2Fdownload%2Fsource-map-0.5.7.tgz#8a039d2d1021d22d1ea14c80d8ea468ba2ef3fcc"
    integrity sha1-igOdLRAh0i0eoUyA2OpGi6LvP8w=
  
  string-width@^4.1.0, string-width@^4.2.0:
    version "4.2.0"
    resolved "https://registry.npm.taobao.org/string-width/download/string-width-4.2.0.tgz#952182c46cc7b2c313d1596e623992bd163b72b5"
    integrity sha1-lSGCxGzHssMT0VluYjmSvRY7crU=
    dependencies:
      emoji-regex "^8.0.0"
      is-fullwidth-code-point "^3.0.0"
      strip-ansi "^6.0.0"
  
  strip-ansi@^6.0.0:
    version "6.0.0"
    resolved "https://registry.npm.taobao.org/strip-ansi/download/strip-ansi-6.0.0.tgz?cache=0&sync_timestamp=1589682795383&other_urls=https%3A%2F%2Fregistry.npm.taobao.org%2Fstrip-ansi%2Fdownload%2Fstrip-ansi-6.0.0.tgz#0b1571dd7669ccd4f3e06e14ef1eed26225ae532"
    integrity sha1-CxVx3XZpzNTz4G4U7x7tJiJa5TI=
    dependencies:
      ansi-regex "^5.0.0"
  
  supports-color@^5.3.0:
    version "5.5.0"
    resolved "https://registry.npm.taobao.org/supports-color/download/supports-color-5.5.0.tgz?cache=0&sync_timestamp=1598611709087&other_urls=https%3A%2F%2Fregistry.npm.taobao.org%2Fsupports-color%2Fdownload%2Fsupports-color-5.5.0.tgz#e2e69a44ac8772f78a1ec0b35b689df6530efc8f"
    integrity sha1-4uaaRKyHcveKHsCzW2id9lMO/I8=
    dependencies:
      has-flag "^3.0.0"
  
  supports-color@^7.1.0:
    version "7.2.0"
    resolved "https://registry.npm.taobao.org/supports-color/download/supports-color-7.2.0.tgz?cache=0&sync_timestamp=1598611709087&other_urls=https%3A%2F%2Fregistry.npm.taobao.org%2Fsupports-color%2Fdownload%2Fsupports-color-7.2.0.tgz#1b7dcdcb32b8138801b3e478ba6a51caa89648da"
    integrity sha1-G33NyzK4E4gBs+R4umpRyqiWSNo=
    dependencies:
      has-flag "^4.0.0"
  
  thenify-all@^1.0.0:
    version "1.6.0"
    resolved "https://registry.npm.taobao.org/thenify-all/download/thenify-all-1.6.0.tgz#1a1918d402d8fc3f98fbf234db0bcc8cc10e9726"
    integrity sha1-GhkY1ALY/D+Y+/I02wvMjMEOlyY=
    dependencies:
      thenify ">= 3.1.0 < 4"
  
  "thenify@>= 3.1.0 < 4":
    version "3.3.1"
    resolved "https://registry.npm.taobao.org/thenify/download/thenify-3.3.1.tgz#8932e686a4066038a016dd9e2ca46add9838a95f"
    integrity sha1-iTLmhqQGYDigFt2eLKRq3Zg4qV8=
    dependencies:
      any-promise "^1.0.0"
  
  to-fast-properties@^2.0.0:
    version "2.0.0"
    resolved "https://registry.npm.taobao.org/to-fast-properties/download/to-fast-properties-2.0.0.tgz#dc5e698cbd079265bc73e0377681a4e4e83f616e"
    integrity sha1-3F5pjL0HkmW8c+A3doGk5Og/YW4=
  
  which-module@^2.0.0:
    version "2.0.0"
    resolved "https://registry.npm.taobao.org/which-module/download/which-module-2.0.0.tgz#d9ef07dce77b9902b8a3a8fa4b31c3e3f7e6e87a"
    integrity sha1-2e8H3Od7mQK4o6j6SzHD4/fm6Ho=
  
  wrap-ansi@^6.2.0:
    version "6.2.0"
    resolved "https://registry.npm.taobao.org/wrap-ansi/download/wrap-ansi-6.2.0.tgz#e9393ba07102e6c91a3b221478f0257cd2856e53"
    integrity sha1-6Tk7oHEC5skaOyIUePAlfNKFblM=
    dependencies:
      ansi-styles "^4.0.0"
      string-width "^4.1.0"
      strip-ansi "^6.0.0"
  
  y18n@^4.0.0:
    version "4.0.0"
    resolved "https://registry.npm.taobao.org/y18n/download/y18n-4.0.0.tgz?cache=0&sync_timestamp=1603637417853&other_urls=https%3A%2F%2Fregistry.npm.taobao.org%2Fy18n%2Fdownload%2Fy18n-4.0.0.tgz#95ef94f85ecc81d007c264e190a120f0a3c8566b"
    integrity sha1-le+U+F7MgdAHwmThkKEg8KPIVms=
  
  yargs-parser@^18.1.2:
    version "18.1.3"
    resolved "https://registry.npm.taobao.org/yargs-parser/download/yargs-parser-18.1.3.tgz?cache=0&sync_timestamp=1602861397132&other_urls=https%3A%2F%2Fregistry.npm.taobao.org%2Fyargs-parser%2Fdownload%2Fyargs-parser-18.1.3.tgz#be68c4975c6b2abf469236b0c870362fab09a7b0"
    integrity sha1-vmjEl1xrKr9GkjawyHA2L6sJp7A=
    dependencies:
      camelcase "^5.0.0"
      decamelize "^1.2.0"
  
  yargs@^15.0.0:
    version "15.4.1"
    resolved "https://registry.npm.taobao.org/yargs/download/yargs-15.4.1.tgz?cache=0&sync_timestamp=1602805561021&other_urls=https%3A%2F%2Fregistry.npm.taobao.org%2Fyargs%2Fdownload%2Fyargs-15.4.1.tgz#0d87a16de01aee9d8bec2bfbf74f67851730f4f8"
    integrity sha1-DYehbeAa7p2L7Cv7909nhRcw9Pg=
    dependencies:
      cliui "^6.0.0"
      decamelize "^1.2.0"
      find-up "^4.1.0"
      get-caller-file "^2.0.1"
      require-directory "^2.1.1"
      require-main-filename "^2.0.0"
      set-blocking "^2.0.0"
      string-width "^4.2.0"
      which-module "^2.0.0"
      y18n "^4.0.0"
      yargs-parser "^18.1.2"
